<?xml version="1.0" encoding="UTF-8"?>
<testng-results ignored="0" total="1" passed="1" failed="0" skipped="0">
  <reporter-output>
  </reporter-output>
  <suite started-at="2023-11-01T00:04:18 IST" name="Default suite" finished-at="2023-11-01T00:04:42 IST" duration-ms="24881">
    <groups>
    </groups>
    <test started-at="2023-11-01T00:04:18 IST" name="Default test" finished-at="2023-11-01T00:04:42 IST" duration-ms="24881">
      <class name="test.ResumeTest">
        <test-method is-config="true" signature="setup()[pri:0, instance:test.ResumeTest@51399530]" started-at="2023-11-01T00:04:18 IST" name="setup" finished-at="2023-11-01T00:04:20 IST" duration-ms="2141" status="PASS">
          <reporter-output>
          </reporter-output>
        </test-method> <!-- setup -->
        <test-method is-config="true" signature="url()[pri:0, instance:test.ResumeTest@51399530]" started-at="2023-11-01T00:04:20 IST" name="url" finished-at="2023-11-01T00:04:20 IST" duration-ms="539" status="PASS">
          <reporter-output>
          </reporter-output>
        </test-method> <!-- url -->
        <test-method signature="test()[pri:0, instance:test.ResumeTest@51399530]" started-at="2023-11-01T00:04:20 IST" name="test" finished-at="2023-11-01T00:04:42 IST" duration-ms="22165" status="PASS">
          <reporter-output>
          </reporter-output>
        </test-method> <!-- test -->
      </class> <!-- test.ResumeTest -->
    </test> <!-- Default test -->
  </suite> <!-- Default suite -->
</testng-results>
